<?xml version="1.0" encoding="utf-8"?><testsuites name="pytest tests"><testsuite name="pytest" errors="0" failures="1" skipped="0" tests="21" time="16.310" timestamp="2026-05-12T09:48:47.039867+00:00" hostname="agent-env-2e3540d5-bdec-4762-b1ad-2b70daed66e3"><testcase classname="backend.tests.backend_test" name="test_root" time="0.296" /><testcase classname="backend.tests.backend_test" name="test_products_list" time="0.050" /><testcase classname="backend.tests.backend_test" name="test_product_detail_kiwi" time="0.048" /><testcase classname="backend.tests.backend_test" name="test_product_not_found" time="0.047" /><testcase classname="backend.tests.backend_test" name="test_signup_new_user" time="0.069"><failure message="AssertionError: {&quot;detail&quot;:[{&quot;type&quot;:&quot;value_error&quot;,&quot;loc&quot;:[&quot;body&quot;,&quot;email&quot;],&quot;msg&quot;:&quot;value is not a valid email address: The part after the @-sign is a special-use or reserved name that cannot be used with email.&quot;,&quot;input&quot;:&quot;test_35fcb588@sunya.test&quot;,&quot;ctx&quot;:{&quot;reason&quot;:&quot;The part after the @-sign is a special-use or reserved name that cannot be used with email.&quot;}}]}&#10;assert 422 == 200&#10; +  where 422 = &lt;Response [422]&gt;.status_code">backend/tests/backend_test.py:72: in test_signup_new_user
    assert r.status_code == 200, r.text
E   AssertionError: {"detail":[{"type":"value_error","loc":["body","email"],"msg":"value is not a valid email address: The part after the @-sign is a special-use or reserved name that cannot be used with email.","input":"test_35fcb588@sunya.test","ctx":{"reason":"The part after the @-sign is a special-use or reserved name that cannot be used with email."}}]}
E   assert 422 == 200
E    +  where 422 = &lt;Response [422]&gt;.status_code</failure></testcase><testcase classname="backend.tests.backend_test" name="test_login_demo" time="0.280" /><testcase classname="backend.tests.backend_test" name="test_login_admin" time="0.271" /><testcase classname="backend.tests.backend_test" name="test_login_invalid" time="0.273" /><testcase classname="backend.tests.backend_test" name="test_me_with_token" time="0.327" /><testcase classname="backend.tests.backend_test" name="test_me_without_token" time="0.140" /><testcase classname="backend.tests.backend_test" name="test_promo_welcome15" time="0.167" /><testcase classname="backend.tests.backend_test" name="test_promo_sunya10" time="0.063" /><testcase classname="backend.tests.backend_test" name="test_promo_invalid" time="0.044" /><testcase classname="backend.tests.backend_test" name="test_create_order_shipping_applied" time="0.134" /><testcase classname="backend.tests.backend_test" name="test_create_order_with_promo_free_shipping" time="0.052" /><testcase classname="backend.tests.backend_test" name="test_my_orders" time="0.098" /><testcase classname="backend.tests.backend_test" name="test_admin_orders" time="0.317" /><testcase classname="backend.tests.backend_test" name="test_admin_orders_forbidden_for_user" time="0.048" /><testcase classname="backend.tests.backend_test" name="test_admin_update_order_status" time="0.109" /><testcase classname="backend.tests.backend_test" name="test_care_recommend_diabetes" time="5.868" /><testcase classname="backend.tests.backend_test" name="test_chat_multi_turn" time="7.275" /></testsuite></testsuites>